<?xml version="1.0" encoding="UTF-8"?>
<testsuites name="jest tests" tests="17" failures="0" time="5.08">
  <testsuite name="undefined" errors="0" failures="0" skipped="0" timestamp="2019-05-20T17:22:04" time="1.445" tests="8">
    <testcase classname=" read not exist spec throws SpecNotFound" name=" read not exist spec throws SpecNotFound" time="0.007">
    </testcase>
    <testcase classname=" read existing spec" name=" read existing spec" time="0.005">
    </testcase>
    <testcase classname=" write spec" name=" write spec" time="0.001">
    </testcase>
    <testcase classname=" read not exist scenario throws ScenarioNotFound" name=" read not exist scenario throws ScenarioNotFound" time="0.001">
    </testcase>
    <testcase classname=" read existing scenario" name=" read existing scenario" time="0">
    </testcase>
    <testcase classname=" write Scenario" name=" write Scenario" time="0.001">
    </testcase>
    <testcase classname="getPluginList() returns installed plugin" name="getPluginList() returns installed plugin" time="0.001">
    </testcase>
    <testcase classname="loadPlugin() load existing plugin" name="loadPlugin() load existing plugin" time="0.003">
    </testcase>
  </testsuite>
  <testsuite name="undefined" errors="0" failures="0" skipped="0" timestamp="2019-05-20T17:22:04" time="3.588" tests="9">
    <testcase classname=" read not exist spec throws SpecNotFound" name=" read not exist spec throws SpecNotFound" time="0.007">
    </testcase>
    <testcase classname=" read existing spec" name=" read existing spec" time="0.006">
    </testcase>
    <testcase classname=" write spec" name=" write spec" time="0.001">
    </testcase>
    <testcase classname=" read not exist scenario throws ScenarioNotFound" name=" read not exist scenario throws ScenarioNotFound" time="0.001">
    </testcase>
    <testcase classname=" read existing scenario" name=" read existing scenario" time="0">
    </testcase>
    <testcase classname=" write Scenario" name=" write Scenario" time="0.001">
    </testcase>
    <testcase classname="getPluginList() returns installed plugin" name="getPluginList() returns installed plugin" time="0.022">
    </testcase>
    <testcase classname="loadPlugin() load npm plugin package" name="loadPlugin() load npm plugin package" time="0.004">
    </testcase>
    <testcase classname="loadPlugin() can load plugin using deep link" name="loadPlugin() can load plugin using deep link" time="0.002">
    </testcase>
  </testsuite>
</testsuites>