<?xml version="1.0" encoding="UTF-8"?>
<testsuites name="jest tests" tests="9" failures="0" time="7.845">
  <testsuite name="undefined" errors="0" failures="0" skipped="0" timestamp="2019-05-19T06:33:23" time="1.556" tests="2">
    <testcase classname=" not supported subject gets undefined" name=" not supported subject gets undefined" time="0.008">
    </testcase>
    <testcase classname=" find plugin that handles the subject" name=" find plugin that handles the subject" time="0.005">
    </testcase>
  </testsuite>
  <testsuite name="undefined" errors="0" failures="0" skipped="0" timestamp="2019-05-19T06:33:25" time="0.364" tests="7">
    <testcase classname=" load plugins in reverse order" name=" load plugins in reverse order" time="0.009">
    </testcase>
    <testcase classname=" Not existing plugin throws PluginNotFound" name=" Not existing plugin throws PluginNotFound" time="0.004">
    </testcase>
    <testcase classname=" registering plugin with the same name throws PluginAlreadyLoaded" name=" registering plugin with the same name throws PluginAlreadyLoaded" time="0.001">
    </testcase>
    <testcase classname=" plugin without activate function throws" name=" plugin without activate function throws" time="0">
    </testcase>
    <testcase classname=" plugin missing support method throws" name=" plugin missing support method throws" time="0.001">
    </testcase>
    <testcase classname=" plugin missing getSpy method throws" name=" plugin missing getSpy method throws" time="0.001">
    </testcase>
    <testcase classname=" plugin missing getStub method throws" name=" plugin missing getStub method throws" time="0">
    </testcase>
  </testsuite>
</testsuites>